<?xml version="1.0" encoding="UTF-8"?>
<!-- Generated by org.testng.reporters.JUnitReportReporter -->
<testsuite hostname="ashokdhai" failures="0" tests="3" name="TestNg.method" time="0.019" errors="0" timestamp="2022-08-15T12:23:17 IST" skipped="0">
  <testcase classname="TestNg.method" name="test_1" time="0.007"/>
  <system-out/>
  <testcase classname="TestNg.method" name="test" time="0.005"/>
  <system-out/>
  <testcase classname="TestNg.method" name="test_2" time="0.007"/>
  <system-out/>
</testsuite> <!-- TestNg.method -->
