<?xml version="1.0" encoding="UTF-8"?>
<!-- Generated by org.testng.reporters.JUnitReportReporter -->
<testsuite hostname="ashokdhai" failures="0" tests="2" name="TestNg.demo_testng" time="0.020" errors="0" timestamp="2022-08-15T12:23:17 IST" skipped="0">
  <testcase classname="TestNg.demo_testng" name="test_tc_002_b" time="0.011"/>
  <system-out/>
  <testcase classname="TestNg.demo_testng" name="test_tc_001" time="0.009"/>
  <system-out/>
</testsuite> <!-- TestNg.demo_testng -->
