<?xml version="1.0" encoding="UTF-8"?>
<!-- Generated by org.testng.reporters.JUnitReportReporter -->
<testsuite hostname="ashokdhai" failures="0" tests="1" name="TestNg.test_method" time="58.081" errors="0" timestamp="2022-08-15T12:23:17 IST" skipped="0">
  <testcase classname="TestNg.test_method" name="test_6" time="58.081"/>
  <system-out/>
</testsuite> <!-- TestNg.test_method -->
