<?xml version="1.0" encoding="UTF-8"?>
<!-- Generated by org.testng.reporters.JUnitReportReporter -->
<testsuite hostname="ashokdhai" failures="0" tests="1" name="TestNg.scroll" time="23.056" errors="0" timestamp="2022-08-17T10:37:10 IST" skipped="0">
  <testcase classname="TestNg.scroll" name="scrollbar" time="23.056"/>
  <system-out/>
</testsuite> <!-- TestNg.scroll -->
