<?xml version="1.0" encoding="UTF-8"?>
<!-- Generated by org.testng.reporters.JUnitReportReporter -->
<testsuite hostname="ashokdhai" failures="0" tests="5" name="TestNg.method_browser_code" time="46.725" errors="0" timestamp="2022-08-15T12:23:17 IST" skipped="0">
  <testcase classname="TestNg.method_browser_code" name="test" time="11.017"/>
  <system-out/>
  <testcase classname="TestNg.method_browser_code" name="test2" time="10.520"/>
  <system-out/>
  <testcase classname="TestNg.method_browser_code" name="test4" time="7.821"/>
  <system-out/>
  <testcase classname="TestNg.method_browser_code" name="test3" time="9.193"/>
  <system-out/>
  <testcase classname="TestNg.method_browser_code" name="test1" time="8.174"/>
  <system-out/>
</testsuite> <!-- TestNg.method_browser_code -->
