<?xml version="1.0" encoding="UTF-8"?>
<!-- Generated by org.testng.reporters.JUnitReportReporter -->
<testsuite hostname="ashokdhai" failures="0" tests="1" name="TestNg.demo" time="0.042" errors="0" timestamp="2022-08-15T21:32:22 IST" skipped="0">
  <testcase classname="TestNg.demo" name="test" time="0.042"/>
  <system-out/>
</testsuite> <!-- TestNg.demo -->
