<?xml version="1.0" encoding="UTF-8"?>
<!-- Generated by org.testng.reporters.JUnitReportReporter -->
<testsuite hostname="ashokdhai" failures="0" tests="4" name="TestNg.group" time="0.057" errors="0" timestamp="2022-08-15T20:34:22 IST" skipped="0">
  <testcase classname="TestNg.group" name="A" time="0.032"/>
  <system-out/>
  <testcase classname="TestNg.group" name="B" time="0.010"/>
  <system-out/>
  <testcase classname="TestNg.group" name="D" time="0.009"/>
  <system-out/>
  <testcase classname="TestNg.group" name="C" time="0.006"/>
  <system-out/>
</testsuite> <!-- TestNg.group -->
